<?xml version="1.0" encoding="UTF-8"?>
<testng-results ignored="0" total="1" passed="1" failed="0" skipped="0">
  <reporter-output>
  </reporter-output>
  <suite started-at="2022-06-16T19:37:22 AEST" name="TestSuite" finished-at="2022-06-16T19:37:48 AEST" duration-ms="25363">
    <groups>
    </groups>
    <test started-at="2022-06-16T19:37:22 AEST" name="SeleniumDemo" finished-at="2022-06-16T19:37:48 AEST" duration-ms="25363">
      <class name="com.simpleL.mproject.ExpediaDemo">
        <test-method is-config="true" signature="setUp()[pri:0, instance:com.simpleL.mproject.ExpediaDemo@1817d444]" started-at="2022-06-16T19:37:23 AEST" name="setUp" finished-at="2022-06-16T19:37:29 AEST" duration-ms="6012" status="PASS">
          <reporter-output>
          </reporter-output>
        </test-method> <!-- setUp -->
        <test-method signature="test()[pri:0, instance:com.simpleL.mproject.ExpediaDemo@1817d444]" started-at="2022-06-16T19:37:29 AEST" name="test" finished-at="2022-06-16T19:37:47 AEST" duration-ms="18318" status="PASS">
          <reporter-output>
          </reporter-output>
        </test-method> <!-- test -->
        <test-method is-config="true" signature="tearDown()[pri:0, instance:com.simpleL.mproject.ExpediaDemo@1817d444]" started-at="2022-06-16T19:37:47 AEST" name="tearDown" finished-at="2022-06-16T19:37:48 AEST" duration-ms="964" status="PASS">
          <reporter-output>
          </reporter-output>
        </test-method> <!-- tearDown -->
      </class> <!-- com.simpleL.mproject.ExpediaDemo -->
    </test> <!-- SeleniumDemo -->
  </suite> <!-- TestSuite -->
</testng-results>
